[2017-05-11 02:26:06] local.ERROR: Symfony\Component\Debug\Exception\FatalThrowableError: Parse error: syntax error, unexpected end of file in /home/cesar/php/proyecto1/laravel1/routes/web.php:21
Stack trace:
#0 /home/cesar/php/proyecto1/laravel1/vendor/laravel/framework/src/Illuminate/Routing/Router.php(270): Illuminate\Routing\Router->loadRoutes('/home/cesar/php...')
#1 /home/cesar/php/proyecto1/laravel1/vendor/laravel/framework/src/Illuminate/Routing/RouteRegistrar.php(104): Illuminate\Routing\Router->group(Array, '/home/cesar/php...')
#2 /home/cesar/php/proyecto1/laravel1/app/Providers/RouteServiceProvider.php(56): Illuminate\Routing\RouteRegistrar->group('/home/cesar/php...')
#3 /home/cesar/php/proyecto1/laravel1/app/Providers/RouteServiceProvider.php(40): App\Providers\RouteServiceProvider->mapWebRoutes()
#4 [internal function]: App\Providers\RouteServiceProvider->map()
#5 /home/cesar/php/proyecto1/laravel1/vendor/laravel/framework/src/Illuminate/Container/BoundMethod.php(29): call_user_func_array(Array, Array)
#6 /home/cesar/php/proyecto1/laravel1/vendor/laravel/framework/src/Illuminate/Container/BoundMethod.php(87): Illuminate\Container\BoundMethod::Illuminate\Container\{closure}()
#7 /home/cesar/php/proyecto1/laravel1/vendor/laravel/framework/src/Illuminate/Container/BoundMethod.php(31): Illuminate\Container\BoundMethod::callBoundMethod(Object(Illuminate\Foundation\Application), Array, Object(Closure))
#8 /home/cesar/php/proyecto1/laravel1/vendor/laravel/framework/src/Illuminate/Container/Container.php(531): Illuminate\Container\BoundMethod::call(Object(Illuminate\Foundation\Application), Array, Array, NULL)
#9 /home/cesar/php/proyecto1/laravel1/vendor/laravel/framework/src/Illuminate/Foundation/Support/Providers/RouteServiceProvider.php(71): Illuminate\Container\Container->call(Array)
#10 /home/cesar/php/proyecto1/laravel1/vendor/laravel/framework/src/Illuminate/Foundation/Support/Providers/RouteServiceProvider.php(30): Illuminate\Foundation\Support\Providers\RouteServiceProvider->loadRoutes()
#11 /home/cesar/php/proyecto1/laravel1/app/Providers/RouteServiceProvider.php(28): Illuminate\Foundation\Support\Providers\RouteServiceProvider->boot()
#12 [internal function]: App\Providers\RouteServiceProvider->boot()
#13 /home/cesar/php/proyecto1/laravel1/vendor/laravel/framework/src/Illuminate/Container/BoundMethod.php(29): call_user_func_array(Array, Array)
#14 /home/cesar/php/proyecto1/laravel1/vendor/laravel/framework/src/Illuminate/Container/BoundMethod.php(87): Illuminate\Container\BoundMethod::Illuminate\Container\{closure}()
#15 /home/cesar/php/proyecto1/laravel1/vendor/laravel/framework/src/Illuminate/Container/BoundMethod.php(31): Illuminate\Container\BoundMethod::callBoundMethod(Object(Illuminate\Foundation\Application), Array, Object(Closure))
#16 /home/cesar/php/proyecto1/laravel1/vendor/laravel/framework/src/Illuminate/Container/Container.php(531): Illuminate\Container\BoundMethod::call(Object(Illuminate\Foundation\Application), Array, Array, NULL)
#17 /home/cesar/php/proyecto1/laravel1/vendor/laravel/framework/src/Illuminate/Foundation/Application.php(768): Illuminate\Container\Container->call(Array)
#18 /home/cesar/php/proyecto1/laravel1/vendor/laravel/framework/src/Illuminate/Foundation/Application.php(751): Illuminate\Foundation\Application->bootProvider(Object(App\Providers\RouteServiceProvider))
#19 [internal function]: Illuminate\Foundation\Application->Illuminate\Foundation\{closure}(Object(App\Providers\RouteServiceProvider), 17)
#20 /home/cesar/php/proyecto1/laravel1/vendor/laravel/framework/src/Illuminate/Foundation/Application.php(752): array_walk(Array, Object(Closure))
#21 /home/cesar/php/proyecto1/laravel1/vendor/laravel/framework/src/Illuminate/Foundation/Bootstrap/BootProviders.php(17): Illuminate\Foundation\Application->boot()
#22 /home/cesar/php/proyecto1/laravel1/vendor/laravel/framework/src/Illuminate/Foundation/Application.php(208): Illuminate\Foundation\Bootstrap\BootProviders->bootstrap(Object(Illuminate\Foundation\Application))
#23 /home/cesar/php/proyecto1/laravel1/vendor/laravel/framework/src/Illuminate/Foundation/Http/Kernel.php(160): Illuminate\Foundation\Application->bootstrapWith(Array)
#24 /home/cesar/php/proyecto1/laravel1/vendor/laravel/framework/src/Illuminate/Foundation/Http/Kernel.php(144): Illuminate\Foundation\Http\Kernel->bootstrap()
#25 /home/cesar/php/proyecto1/laravel1/vendor/laravel/framework/src/Illuminate/Foundation/Http/Kernel.php(116): Illuminate\Foundation\Http\Kernel->sendRequestThroughRouter(Object(Illuminate\Http\Request))
#26 /home/cesar/php/proyecto1/laravel1/public/index.php(53): Illuminate\Foundation\Http\Kernel->handle(Object(Illuminate\Http\Request))
#27 {main}  
